Determining if the Q_WS_WIN exist failed with the following output:
Change Dir: /home/sineco/git/Kinect2TCPIP/build/CMakeFiles/CMakeTmp

Run Build Command:/usr/bin/make "cmTryCompileExec1035718736/fast"
/usr/bin/make -f CMakeFiles/cmTryCompileExec1035718736.dir/build.make CMakeFiles/cmTryCompileExec1035718736.dir/build
make[1]: Entering directory `/home/sineco/git/Kinect2TCPIP/build/CMakeFiles/CMakeTmp'
/usr/bin/cmake -E cmake_progress_report /home/sineco/git/Kinect2TCPIP/build/CMakeFiles/CMakeTmp/CMakeFiles 1
Building CXX object CMakeFiles/cmTryCompileExec1035718736.dir/CheckSymbolExists.cxx.o
/usr/bin/c++    -I/usr/include/qt4    -o CMakeFiles/cmTryCompileExec1035718736.dir/CheckSymbolExists.cxx.o -c /home/sineco/git/Kinect2TCPIP/build/CMakeFiles/CMakeTmp/CheckSymbolExists.cxx
/home/sineco/git/Kinect2TCPIP/build/CMakeFiles/CMakeTmp/CheckSymbolExists.cxx: In function ‘int main(int, char**)’:
/home/sineco/git/Kinect2TCPIP/build/CMakeFiles/CMakeTmp/CheckSymbolExists.cxx:8:19: error: ‘Q_WS_WIN’ was not declared in this scope
   return ((int*)(&Q_WS_WIN))[argc];
                   ^
make[1]: Leaving directory `/home/sineco/git/Kinect2TCPIP/build/CMakeFiles/CMakeTmp'
make[1]: *** [CMakeFiles/cmTryCompileExec1035718736.dir/CheckSymbolExists.cxx.o] Error 1
make: *** [cmTryCompileExec1035718736/fast] Error 2

File /home/sineco/git/Kinect2TCPIP/build/CMakeFiles/CMakeTmp/CheckSymbolExists.cxx:
/* */
#include <QtCore/qglobal.h>

int main(int argc, char** argv)
{
  (void)argv;
#ifndef Q_WS_WIN
  return ((int*)(&Q_WS_WIN))[argc];
#else
  (void)argc;
  return 0;
#endif
}

Determining if the Q_WS_QWS exist failed with the following output:
Change Dir: /home/sineco/git/Kinect2TCPIP/build/CMakeFiles/CMakeTmp

Run Build Command:/usr/bin/make "cmTryCompileExec920546899/fast"
/usr/bin/make -f CMakeFiles/cmTryCompileExec920546899.dir/build.make CMakeFiles/cmTryCompileExec920546899.dir/build
make[1]: Entering directory `/home/sineco/git/Kinect2TCPIP/build/CMakeFiles/CMakeTmp'
/usr/bin/cmake -E cmake_progress_report /home/sineco/git/Kinect2TCPIP/build/CMakeFiles/CMakeTmp/CMakeFiles 1
Building CXX object CMakeFiles/cmTryCompileExec920546899.dir/CheckSymbolExists.cxx.o
/usr/bin/c++    -I/usr/include/qt4    -o CMakeFiles/cmTryCompileExec920546899.dir/CheckSymbolExists.cxx.o -c /home/sineco/git/Kinect2TCPIP/build/CMakeFiles/CMakeTmp/CheckSymbolExists.cxx
/home/sineco/git/Kinect2TCPIP/build/CMakeFiles/CMakeTmp/CheckSymbolExists.cxx: In function ‘int main(int, char**)’:
/home/sineco/git/Kinect2TCPIP/build/CMakeFiles/CMakeTmp/CheckSymbolExists.cxx:8:19: error: ‘Q_WS_QWS’ was not declared in this scope
   return ((int*)(&Q_WS_QWS))[argc];
                   ^
make[1]: *** [CMakeFiles/cmTryCompileExec920546899.dir/CheckSymbolExists.cxx.o] Error 1
make[1]: Leaving directory `/home/sineco/git/Kinect2TCPIP/build/CMakeFiles/CMakeTmp'
make: *** [cmTryCompileExec920546899/fast] Error 2

File /home/sineco/git/Kinect2TCPIP/build/CMakeFiles/CMakeTmp/CheckSymbolExists.cxx:
/* */
#include <QtCore/qglobal.h>

int main(int argc, char** argv)
{
  (void)argv;
#ifndef Q_WS_QWS
  return ((int*)(&Q_WS_QWS))[argc];
#else
  (void)argc;
  return 0;
#endif
}

Determining if the Q_WS_MAC exist failed with the following output:
Change Dir: /home/sineco/git/Kinect2TCPIP/build/CMakeFiles/CMakeTmp

Run Build Command:/usr/bin/make "cmTryCompileExec581168004/fast"
/usr/bin/make -f CMakeFiles/cmTryCompileExec581168004.dir/build.make CMakeFiles/cmTryCompileExec581168004.dir/build
make[1]: Entering directory `/home/sineco/git/Kinect2TCPIP/build/CMakeFiles/CMakeTmp'
/usr/bin/cmake -E cmake_progress_report /home/sineco/git/Kinect2TCPIP/build/CMakeFiles/CMakeTmp/CMakeFiles 1
Building CXX object CMakeFiles/cmTryCompileExec581168004.dir/CheckSymbolExists.cxx.o
/usr/bin/c++    -I/usr/include/qt4    -o CMakeFiles/cmTryCompileExec581168004.dir/CheckSymbolExists.cxx.o -c /home/sineco/git/Kinect2TCPIP/build/CMakeFiles/CMakeTmp/CheckSymbolExists.cxx
/home/sineco/git/Kinect2TCPIP/build/CMakeFiles/CMakeTmp/CheckSymbolExists.cxx: In function ‘int main(int, char**)’:
/home/sineco/git/Kinect2TCPIP/build/CMakeFiles/CMakeTmp/CheckSymbolExists.cxx:8:19: error: ‘Q_WS_MAC’ was not declared in this scope
   return ((int*)(&Q_WS_MAC))[argc];
                   ^
make[1]: *** [CMakeFiles/cmTryCompileExec581168004.dir/CheckSymbolExists.cxx.o] Error 1
make[1]: Leaving directory `/home/sineco/git/Kinect2TCPIP/build/CMakeFiles/CMakeTmp'
make: *** [cmTryCompileExec581168004/fast] Error 2

File /home/sineco/git/Kinect2TCPIP/build/CMakeFiles/CMakeTmp/CheckSymbolExists.cxx:
/* */
#include <QtCore/qglobal.h>

int main(int argc, char** argv)
{
  (void)argv;
#ifndef Q_WS_MAC
  return ((int*)(&Q_WS_MAC))[argc];
#else
  (void)argc;
  return 0;
#endif
}

